<component name="libraryTable">
  <library name="junit5-4.6.15">
    <CLASSES>
      <root url="jar://$PROJECT_DIR$/../../../Downloads/jar_files/junit5-4.6.15.jar!/" />
      <root url="jar://$PROJECT_DIR$/../../../Downloads/jar_files/junit-jupiter-api-5.9.2.jar!/" />
      <root url="jar://$PROJECT_DIR$/../../../Downloads/jar_files/junit-platform-commons-1.9.2.jar!/" />
      <root url="file://$PROJECT_DIR$" />
    </CLASSES>
    <JAVADOC />
    <SOURCES>
      <root url="file://$PROJECT_DIR$/src" />
    </SOURCES>
  </library>
</component>